nohup: ignoring input
2022-04-14 05:01:05.601915: I tensorflow/stream_executor/platform/default/dso_loader.cc:49] Successfully opened dynamic library libcudart.so.11.0
/home/azim/miniconda3/envs/test1/lib/python3.8/site-packages/tensorflow_addons/utils/ensure_tf_install.py:38: UserWarning: You are currently using a nightly version of TensorFlow (2.5.0-dev20210310). 
TensorFlow Addons offers no support for the nightly versions of TensorFlow. Some things might work, some other might not. 
If you encounter a bug, do not file an issue on GitHub.
  warnings.warn(
2022-04-14 05:01:06.721285: I tensorflow/stream_executor/platform/default/dso_loader.cc:49] Successfully opened dynamic library libcuda.so.1
2022-04-14 05:01:06.832119: I tensorflow/core/common_runtime/gpu/gpu_device.cc:1779] Found device 0 with properties: 
pciBusID: 0000:19:00.0 name: NVIDIA GeForce RTX 2080 Ti computeCapability: 7.5
coreClock: 1.545GHz coreCount: 68 deviceMemorySize: 10.76GiB deviceMemoryBandwidth: 573.69GiB/s
2022-04-14 05:01:06.832831: I tensorflow/core/common_runtime/gpu/gpu_device.cc:1779] Found device 1 with properties: 
pciBusID: 0000:1a:00.0 name: NVIDIA GeForce RTX 2080 Ti computeCapability: 7.5
coreClock: 1.545GHz coreCount: 68 deviceMemorySize: 10.76GiB deviceMemoryBandwidth: 573.69GiB/s
2022-04-14 05:01:06.833483: I tensorflow/core/common_runtime/gpu/gpu_device.cc:1779] Found device 2 with properties: 
pciBusID: 0000:67:00.0 name: NVIDIA GeForce RTX 2080 Ti computeCapability: 7.5
coreClock: 1.545GHz coreCount: 68 deviceMemorySize: 10.76GiB deviceMemoryBandwidth: 573.69GiB/s
2022-04-14 05:01:06.834127: I tensorflow/core/common_runtime/gpu/gpu_device.cc:1779] Found device 3 with properties: 
pciBusID: 0000:68:00.0 name: NVIDIA GeForce RTX 2080 Ti computeCapability: 7.5
coreClock: 1.545GHz coreCount: 68 deviceMemorySize: 10.76GiB deviceMemoryBandwidth: 573.69GiB/s
2022-04-14 05:01:06.834157: I tensorflow/stream_executor/platform/default/dso_loader.cc:49] Successfully opened dynamic library libcudart.so.11.0
2022-04-14 05:01:06.837470: I tensorflow/stream_executor/platform/default/dso_loader.cc:49] Successfully opened dynamic library libcublas.so.11
2022-04-14 05:01:06.837529: I tensorflow/stream_executor/platform/default/dso_loader.cc:49] Successfully opened dynamic library libcublasLt.so.11
2022-04-14 05:01:06.838786: I tensorflow/stream_executor/platform/default/dso_loader.cc:49] Successfully opened dynamic library libcufft.so.10
2022-04-14 05:01:06.839030: I tensorflow/stream_executor/platform/default/dso_loader.cc:49] Successfully opened dynamic library libcurand.so.10
2022-04-14 05:01:06.840374: I tensorflow/stream_executor/platform/default/dso_loader.cc:49] Successfully opened dynamic library libcusolver.so.10
2022-04-14 05:01:06.840897: I tensorflow/stream_executor/platform/default/dso_loader.cc:49] Successfully opened dynamic library libcusparse.so.11
2022-04-14 05:01:06.841028: I tensorflow/stream_executor/platform/default/dso_loader.cc:49] Successfully opened dynamic library libcudnn.so.8
2022-04-14 05:01:06.846058: I tensorflow/core/common_runtime/gpu/gpu_device.cc:1917] Adding visible gpu devices: 0, 1, 2, 3
2022-04-14 05:01:06.846373: I tensorflow/core/platform/cpu_feature_guard.cc:142] This TensorFlow binary is optimized with oneAPI Deep Neural Network Library (oneDNN) to use the following CPU instructions in performance-critical operations:  AVX2 AVX512F FMA
To enable them in other operations, rebuild TensorFlow with the appropriate compiler flags.
2022-04-14 05:01:06.848004: I tensorflow/core/common_runtime/gpu/gpu_device.cc:1779] Found device 0 with properties: 
pciBusID: 0000:19:00.0 name: NVIDIA GeForce RTX 2080 Ti computeCapability: 7.5
coreClock: 1.545GHz coreCount: 68 deviceMemorySize: 10.76GiB deviceMemoryBandwidth: 573.69GiB/s
2022-04-14 05:01:06.849291: I tensorflow/core/common_runtime/gpu/gpu_device.cc:1917] Adding visible gpu devices: 0
2022-04-14 05:01:06.849327: I tensorflow/stream_executor/platform/default/dso_loader.cc:49] Successfully opened dynamic library libcudart.so.11.0
2022-04-14 05:01:07.230181: I tensorflow/core/common_runtime/gpu/gpu_device.cc:1304] Device interconnect StreamExecutor with strength 1 edge matrix:
2022-04-14 05:01:07.230228: I tensorflow/core/common_runtime/gpu/gpu_device.cc:1310]      0 
2022-04-14 05:01:07.230235: I tensorflow/core/common_runtime/gpu/gpu_device.cc:1323] 0:   N 
2022-04-14 05:01:07.232232: I tensorflow/core/common_runtime/gpu/gpu_device.cc:1464] Created TensorFlow device (/job:localhost/replica:0/task:0/device:GPU:0 with 9675 MB memory) -> physical GPU (device: 0, name: NVIDIA GeForce RTX 2080 Ti, pci bus id: 0000:19:00.0, compute capability: 7.5)
4 Physical GPUs, 1 Logical GPU
<--><--><--><--><--><--><--><--><--><--><--><--><--><--><--><--><--><--><--><--><--><--><--><--><--><--><--><--><--><--><--><--><--><--><--><--><--><--><--><--><--><--><--><--><--><--><--><--><--><--><--><--><--><--><--><--><--><--><--><--><--><--><--><--><--><--><--><--><--><--><--><--><--><--><--><--><--><--><--><--> 0.2
model_name_ddhi_episode_False_cross_entropy_weight_10_loss_weight_50_is_triplet_False_ratio_0.2_n_cluster_4_lag_15_obs_30
15 30 4
[0 1]
(16178, 15, 68)
15 68
(None, 1, 1) coeff (None, 10, 30) amplitude
2022-04-14 05:01:10.310030: I tensorflow/compiler/mlir/mlir_graph_optimization_pass.cc:176] None of the MLIR Optimization Passes are enabled (registered 2)
2022-04-14 05:01:10.329037: I tensorflow/core/platform/profile_utils/cpu_utils.cc:114] CPU Frequency: 2899885000 Hz
WARNING:tensorflow:From /home/azim/miniconda3/envs/test1/lib/python3.8/site-packages/tensorflow/python/ops/array_ops.py:5043: calling gather (from tensorflow.python.ops.array_ops) with validate_indices is deprecated and will be removed in a future version.
Instructions for updating:
The `validate_indices` argument has no effect. Indices are always validated on CPU and never validated on GPU.
2022-04-14 05:01:13.486718: I tensorflow/stream_executor/platform/default/dso_loader.cc:49] Successfully opened dynamic library libcublas.so.11
2022-04-14 05:01:14.543010: I tensorflow/stream_executor/platform/default/dso_loader.cc:49] Successfully opened dynamic library libcublasLt.so.11
2022-04-14 05:01:14.549644: I tensorflow/stream_executor/platform/default/dso_loader.cc:49] Successfully opened dynamic library libcudnn.so.8
2022-04-14 05:01:14.725644: I tensorflow/stream_executor/cuda/cuda_dnn.cc:334] Loaded cuDNN version 8302
Validation Result now 0.19750807568066453 AUC 0.5437068045637363 step 0 stagnant 0
Validation Result now 0.21996303142329018 AUC 0.5820692768612 step 20 stagnant 0
Validation Result now 0.2296368989205103 AUC 0.6108314864975786 step 40 stagnant 0
Validation Result now 0.21166892808683854 AUC 0.5598694902733317 step 60 stagnant 0
Validation Result now 0.20171673819742492 AUC 0.5023688746614134 step 80 stagnant 20
Validation Result now 0.21813031161473084 AUC 0.583381761470902 step 100 stagnant 40
Validation Result now 0.20116054158607352 AUC 0.5533579578100631 step 120 stagnant 60
Validation Result now 0.22683469236471462 AUC 0.5655725190839695 step 140 stagnant 80
Validation Result now 0.2170212765957447 AUC 0.5522769432816219 step 160 stagnant 100
Validation Result now 0.21847974510696402 AUC 0.5577107444800131 step 180 stagnant 120
Validation Result now 0.23346938775510204 AUC 0.5918714602314701 step 200 stagnant 140
Validation Result now 0.21442885771543088 AUC 0.5675892637281458 step 220 stagnant 0
Validation Result now 0.21515326778484675 AUC 0.5791209061807436 step 240 stagnant 20
Validation Result now 0.20469296055916125 AUC 0.5573939095460888 step 260 stagnant 40
Validation Result now 0.22138483278379653 AUC 0.5906156119182466 step 280 stagnant 60
Validation Result now 0.21925133689839574 AUC 0.5751186078962489 step 300 stagnant 80
Validation Result now 0.21696801112656464 AUC 0.5868923910366906 step 320 stagnant 100
Validation Result now 0.20660377358490567 AUC 0.5517819912993516 step 340 stagnant 120
Validation Result now 0.2146006859382656 AUC 0.5770360338176147 step 360 stagnant 140
Validation Result now 0.23333333333333334 AUC 0.6111729459082329 step 380 stagnant 160
Validation Result now 0.2073732718894009 AUC 0.5366855454321595 step 400 stagnant 180
Validation Result now 0.1765182186234818 AUC 0.4612878601329722 step 420 stagnant 200
_15_obs_30____200.h5
15 68
(None, 1, 1) coeff (None, 10, 30) amplitude
Validation Result now 0.20369334079462786 AUC 0.5180431749158663 step 0 stagnant 0
Validation Result now 0.2026482440990213 AUC 0.5504900270869244 step 20 stagnant 0
Validation Result now 0.19746568109820484 AUC 0.5079504227201839 step 40 stagnant 20
Validation Result now 0.19137332672285573 AUC 0.4817114011327259 step 60 stagnant 40
Validation Result now 0.1922446750409612 AUC 0.4871090864319133 step 80 stagnant 60
Validation Result now 0.20132013201320131 AUC 0.5147147664778791 step 100 stagnant 80
Validation Result now 0.21571906354515047 AUC 0.5320659935976361 step 120 stagnant 100
Validation Result now 0.1901743264659271 AUC 0.4999138143314454 step 140 stagnant 0
Validation Result now 0.19308035714285715 AUC 0.48897480095214646 step 160 stagnant 20
Validation Result now 0.19188191881918817 AUC 0.49990971025199055 step 180 stagnant 40
Validation Result now 0.19478527607361965 AUC 0.502462447672987 step 200 stagnant 60
Validation Result now 0.19857142857142862 AUC 0.5136624805056226 step 220 stagnant 80
Validation Result now 0.20981132075471703 AUC 0.5237601575966511 step 240 stagnant 100
Validation Result now 0.215625 AUC 0.5225707953705983 step 260 stagnant 120
Validation Result now 0.18613138686131386 AUC 0.4609217762455881 step 280 stagnant 140
Validation Result now 0.2175379426644182 AUC 0.5384634326520561 step 300 stagnant 160
Validation Result now 0.21843003412969283 AUC 0.5238726093737175 step 320 stagnant 0
Validation Result now 0.2748344370860927 AUC 0.5854124599852253 step 340 stagnant 0
Validation Result now 0.2992424242424243 AUC 0.6188073545103834 step 360 stagnant 0
Validation Result now 0.26356589147286824 AUC 0.6622120988262332 step 380 stagnant 0
Validation Result now 0.2649006622516556 AUC 0.6358573421981449 step 400 stagnant 20
Validation Result now 0.2891566265060241 AUC 0.6553508987934007 step 420 stagnant 40
Validation Result now 0.28629032258064513 AUC 0.6466633834031028 step 440 stagnant 60
Validation Result now 0.28737864077669906 AUC 0.6625855700566363 step 460 stagnant 80
Validation Result now 0.29098360655737704 AUC 0.6461594024460313 step 480 stagnant 100
Validation Result now 0.3093220338983051 AUC 0.6585044734466059 step 500 stagnant 120
Validation Result now 0.2997858672376874 AUC 0.6653426906344907 step 520 stagnant 0
Validation Result now 0.27906976744186046 AUC 0.6507067224821472 step 540 stagnant 20
Validation Result now 0.2948960302457467 AUC 0.6393228268899286 step 560 stagnant 40
Validation Result now 0.28444444444444444 AUC 0.6409948288598868 step 580 stagnant 60
Validation Result now 0.2929061784897025 AUC 0.653403923499959 step 600 stagnant 80
Validation Result now 0.2828282828282829 AUC 0.64624066321924 step 620 stagnant 100
Validation Result now 0.3217821782178218 AUC 0.6288910777312648 step 640 stagnant 120
Validation Result now 0.3436754176610979 AUC 0.6295822047114832 step 660 stagnant 0
Validation Result now 0.30112359550561796 AUC 0.6495986210293031 step 680 stagnant 0
Validation Result now 0.32627118644067793 AUC 0.6547246162685709 step 700 stagnant 20
Validation Result now 0.30736842105263157 AUC 0.6227119757038495 step 720 stagnant 40
Validation Result now 0.3102725366876311 AUC 0.6450398095707133 step 740 stagnant 60
Validation Result now 0.30732860520094557 AUC 0.6448838545514242 step 760 stagnant 80
Validation Result now 0.3487179487179487 AUC 0.6397644258392843 step 780 stagnant 100
Validation Result now 0.33838383838383834 AUC 0.6525281129442666 step 800 stagnant 0
Validation Result now 0.30663615560640733 AUC 0.6283214315029139 step 820 stagnant 20
Validation Result now 0.35500000000000004 AUC 0.6290856110974308 step 840 stagnant 40
Validation Result now 0.34004474272930646 AUC 0.6125888533202002 step 860 stagnant 0
Validation Result now 0.3341404358353511 AUC 0.6129401625215464 step 880 stagnant 20
Validation Result now 0.32701421800947866 AUC 0.6275178527456292 step 900 stagnant 40
Validation Result now 0.34134615384615385 AUC 0.6163473692850693 step 920 stagnant 60
Validation Result now 0.3389830508474576 AUC 0.6155511778708036 step 940 stagnant 80
Validation Result now 0.35351089588377727 AUC 0.6180628744972503 step 960 stagnant 100
Validation Result now 0.33257403189066054 AUC 0.6422235902487072 step 980 stagnant 120
_15_obs_30____840.h5
15 68
(None, 1, 1) coeff (None, 10, 30) amplitude
Validation Result now 0.18558172733761602 AUC 0.40826725765410815 step 0 stagnant 0
Validation Result now 0.18765788523998556 AUC 0.4260346384306001 step 20 stagnant 0
Validation Result now 0.18574973413683094 AUC 0.4670499876877616 step 40 stagnant 0
Validation Result now 0.18747763864042935 AUC 0.43726586226709346 step 60 stagnant 20
Validation Result now 0.1983471074380165 AUC 0.5402511696626446 step 80 stagnant 40
Validation Result now 0.16568047337278105 AUC 0.4337396371993762 step 100 stagnant 0
Validation Result now 0.19333333333333333 AUC 0.47440449807108265 step 120 stagnant 20
Validation Result now 0.18284904323175052 AUC 0.4451777066404005 step 140 stagnant 40
Validation Result now 0.1971830985915493 AUC 0.49436345727653286 step 160 stagnant 60
Validation Result now 0.2919132149901381 AUC 0.5165763769186571 step 180 stagnant 80
Validation Result now 0.3168724279835391 AUC 0.5499302306492653 step 200 stagnant 0
Validation Result now 0.31157894736842107 AUC 0.5362160387425101 step 220 stagnant 0
Validation Result now 0.3734643734643735 AUC 0.5872847410325863 step 240 stagnant 20
Validation Result now 0.34449760765550247 AUC 0.5853303783961258 step 260 stagnant 0
Validation Result now 0.3421686746987952 AUC 0.6029516539440203 step 280 stagnant 20
Validation Result now 0.32298136645962733 AUC 0.5924780431749159 step 300 stagnant 40
Validation Result now 0.34273318872017355 AUC 0.6026775014364278 step 320 stagnant 60
Validation Result now 0.3599088838268793 AUC 0.5975761306738898 step 340 stagnant 80
Validation Result now 0.36155606407322655 AUC 0.6263802019207092 step 360 stagnant 100
Validation Result now 0.37674418604651166 AUC 0.6306968726914552 step 380 stagnant 120
Validation Result now 0.3826879271070615 AUC 0.6332020027907741 step 400 stagnant 0
Validation Result now 0.3705583756345178 AUC 0.6293252893376016 step 420 stagnant 0
Validation Result now 0.3791469194312796 AUC 0.6090445703028811 step 440 stagnant 20
Validation Result now 0.34051724137931033 AUC 0.6157736189772635 step 460 stagnant 40
Validation Result now 0.3495575221238938 AUC 0.6242001149142247 step 480 stagnant 60
Validation Result now 0.3581395348837209 AUC 0.621325617663958 step 500 stagnant 80
Validation Result now 0.35874439461883406 AUC 0.6347738652220307 step 520 stagnant 100
Validation Result now 0.33995584988962474 AUC 0.6032561766395798 step 540 stagnant 120
Validation Result now 0.3448275862068966 AUC 0.6177755889354017 step 560 stagnant 140
Validation Result now 0.3602771362586605 AUC 0.6149741442994336 step 580 stagnant 160
Validation Result now 0.3186582809224318 AUC 0.6134892883526225 step 600 stagnant 180
Validation Result now 0.28959276018099545 AUC 0.5847672986949027 step 620 stagnant 200
_15_obs_30____400.h5
15 68
(None, 1, 1) coeff (None, 10, 30) amplitude
Validation Result now 0.22048780487804878 AUC 0.5738003775753099 step 0 stagnant 0
Validation Result now 0.20345489443378117 AUC 0.5398062874497251 step 20 stagnant 0
Validation Result now 0.20408163265306126 AUC 0.5159098744151687 step 40 stagnant 20
Validation Result now 0.16115351993214588 AUC 0.4309972913075597 step 60 stagnant 40
Validation Result now 0.18256410256410258 AUC 0.46124189444307645 step 80 stagnant 60
Validation Result now 0.23910336239103366 AUC 0.5205737503078061 step 100 stagnant 80
Validation Result now 0.2508474576271187 AUC 0.5303628006238201 step 120 stagnant 0
Validation Result now 0.21176470588235294 AUC 0.4890322580645161 step 140 stagnant 0
Validation Result now 0.23655913978494622 AUC 0.493770007387343 step 160 stagnant 20
Validation Result now 0.2727272727272727 AUC 0.4997512927850284 step 180 stagnant 40
Validation Result now 0.24528301886792453 AUC 0.5045054584256751 step 200 stagnant 0
Validation Result now 0.2624254473161034 AUC 0.5317828121152426 step 220 stagnant 20
Validation Result now 0.2643478260869565 AUC 0.5499564967577772 step 240 stagnant 40
Validation Result now 0.2995391705069124 AUC 0.5359172617581877 step 260 stagnant 60
Validation Result now 0.2838427947598253 AUC 0.5476754493967003 step 280 stagnant 0
Validation Result now 0.28205128205128205 AUC 0.5625814659771813 step 300 stagnant 20
Validation Result now 0.27705627705627706 AUC 0.5483181482393499 step 320 stagnant 40
Validation Result now 0.2656546489563567 AUC 0.5680267585980465 step 340 stagnant 60
Validation Result now 0.27253668763102723 AUC 0.5229040466223427 step 360 stagnant 80
Validation Result now 0.2661122661122661 AUC 0.5226807846999919 step 380 stagnant 100
Validation Result now 0.2666666666666666 AUC 0.5836862841664615 step 400 stagnant 120
Validation Result now 0.2807775377969763 AUC 0.5620561438069441 step 420 stagnant 140
Validation Result now 0.26993865030674846 AUC 0.6047927439875236 step 440 stagnant 160
Validation Result now 0.28322440087145967 AUC 0.5724616268570959 step 460 stagnant 180
Validation Result now 0.27685950413223137 AUC 0.593202823606665 step 480 stagnant 200
_15_obs_30____260.h5
15 68
(None, 1, 1) coeff (None, 10, 30) amplitude
Validation Result now 0.1856839121190645 AUC 0.4576721661331363 step 0 stagnant 0
Validation Result now 0.1859636622728892 AUC 0.4287310186325207 step 20 stagnant 0
Validation Result now 0.190439176059075 AUC 0.46927604038414183 step 40 stagnant 0
Validation Result now 0.18547681539807526 AUC 0.4607346302224411 step 60 stagnant 0
Validation Result now 0.18411806043569923 AUC 0.44245998522531393 step 80 stagnant 20
Validation Result now 0.1842475386779184 AUC 0.44323811868997787 step 100 stagnant 40
Validation Result now 0.1885469419555902 AUC 0.4600303701879669 step 120 stagnant 60
Validation Result now 0.1955128205128205 AUC 0.48135762948370686 step 140 stagnant 80
Validation Result now 0.19928258270227184 AUC 0.5298374784535829 step 160 stagnant 0
Validation Result now 0.19795758051846035 AUC 0.5298686694574407 step 180 stagnant 0
Validation Result now 0.20007939658594684 AUC 0.4990043503242223 step 200 stagnant 20
Validation Result now 0.20071118135124458 AUC 0.5187589263728145 step 220 stagnant 0
Validation Result now 0.20141065830721003 AUC 0.5189239103669047 step 240 stagnant 0
Validation Result now 0.19697817571348628 AUC 0.5055544611343675 step 260 stagnant 0
Validation Result now 0.19181113980081152 AUC 0.4854190265123532 step 280 stagnant 20
Validation Result now 0.19219440353460973 AUC 0.5029015841746697 step 300 stagnant 40
Validation Result now 0.1915204678362573 AUC 0.5114536649429533 step 320 stagnant 60
Validation Result now 0.19013581129378126 AUC 0.5229697118936223 step 340 stagnant 80
Validation Result now 0.1898550724637681 AUC 0.4965131740950504 step 360 stagnant 100
Validation Result now 0.19534184823441023 AUC 0.5285545432159566 step 380 stagnant 120
Validation Result now 0.19013062409288825 AUC 0.5050332430435853 step 400 stagnant 140
Validation Result now 0.1896678966789668 AUC 0.5077698432241649 step 420 stagnant 160
Validation Result now 0.18903318903318903 AUC 0.4915308216367069 step 440 stagnant 180
Validation Result now 0.18903318903318903 AUC 0.5036526307149307 step 460 stagnant 200
_15_obs_30____240.h5
15 68
(None, 1, 1) coeff (None, 10, 30) amplitude
Validation Result now 0.20758649437265525 AUC 0.5864212427152589 step 0 stagnant 0
Validation Result now 0.2086732503220266 AUC 0.5745990314372486 step 20 stagnant 0
Validation Result now 0.19984447900466565 AUC 0.5678338668636624 step 40 stagnant 0
Validation Result now 0.19808795411089866 AUC 0.5578149880981697 step 60 stagnant 20
Validation Result now 0.19591527987897128 AUC 0.5518607896248872 step 80 stagnant 40
Validation Result now 0.1942985746436609 AUC 0.5456217680374293 step 100 stagnant 60
Validation Result now 0.1933085501858736 AUC 0.5455101370762538 step 120 stagnant 80
Validation Result now 0.18448337504469076 AUC 0.4789945005335303 step 140 stagnant 100
Validation Result now 0.19829744616925388 AUC 0.5341155708774522 step 160 stagnant 120
Validation Result now 0.18520986009327114 AUC 0.48577690224082737 step 180 stagnant 140
Validation Result now 0.2526041666666667 AUC 0.5769145530657473 step 200 stagnant 160
Validation Result now 0.26700898587933247 AUC 0.5897512927850284 step 220 stagnant 0
Validation Result now 0.33663366336633666 AUC 0.5978634162357382 step 240 stagnant 0
Validation Result now 0.3333333333333333 AUC 0.5988393663301321 step 260 stagnant 0
Validation Result now 0.3593073593073593 AUC 0.6418525814659772 step 280 stagnant 20
Validation Result now 0.2857142857142857 AUC 0.6444471804974145 step 300 stagnant 0
Validation Result now 0.36998254799301916 AUC 0.6418451941229582 step 320 stagnant 20
Validation Result now 0.3709090909090909 AUC 0.6548723631289501 step 340 stagnant 0
Validation Result now 0.3340961098398169 AUC 0.5934810801937125 step 360 stagnant 0
