nohup: ignoring input
2022-04-14 05:02:19.924056: I tensorflow/stream_executor/platform/default/dso_loader.cc:49] Successfully opened dynamic library libcudart.so.11.0
/home/azim/miniconda3/envs/test1/lib/python3.8/site-packages/tensorflow_addons/utils/ensure_tf_install.py:38: UserWarning: You are currently using a nightly version of TensorFlow (2.5.0-dev20210310). 
TensorFlow Addons offers no support for the nightly versions of TensorFlow. Some things might work, some other might not. 
If you encounter a bug, do not file an issue on GitHub.
  warnings.warn(
2022-04-14 05:02:21.181455: I tensorflow/stream_executor/platform/default/dso_loader.cc:49] Successfully opened dynamic library libcuda.so.1
2022-04-14 05:02:21.221564: I tensorflow/core/common_runtime/gpu/gpu_device.cc:1779] Found device 0 with properties: 
pciBusID: 0000:19:00.0 name: NVIDIA GeForce RTX 2080 Ti computeCapability: 7.5
coreClock: 1.545GHz coreCount: 68 deviceMemorySize: 10.76GiB deviceMemoryBandwidth: 573.69GiB/s
2022-04-14 05:02:21.222347: I tensorflow/core/common_runtime/gpu/gpu_device.cc:1779] Found device 1 with properties: 
pciBusID: 0000:1a:00.0 name: NVIDIA GeForce RTX 2080 Ti computeCapability: 7.5
coreClock: 1.545GHz coreCount: 68 deviceMemorySize: 10.76GiB deviceMemoryBandwidth: 573.69GiB/s
2022-04-14 05:02:21.223010: I tensorflow/core/common_runtime/gpu/gpu_device.cc:1779] Found device 2 with properties: 
pciBusID: 0000:67:00.0 name: NVIDIA GeForce RTX 2080 Ti computeCapability: 7.5
coreClock: 1.545GHz coreCount: 68 deviceMemorySize: 10.76GiB deviceMemoryBandwidth: 573.69GiB/s
2022-04-14 05:02:21.223668: I tensorflow/core/common_runtime/gpu/gpu_device.cc:1779] Found device 3 with properties: 
pciBusID: 0000:68:00.0 name: NVIDIA GeForce RTX 2080 Ti computeCapability: 7.5
coreClock: 1.545GHz coreCount: 68 deviceMemorySize: 10.76GiB deviceMemoryBandwidth: 573.69GiB/s
2022-04-14 05:02:21.223697: I tensorflow/stream_executor/platform/default/dso_loader.cc:49] Successfully opened dynamic library libcudart.so.11.0
2022-04-14 05:02:21.227076: I tensorflow/stream_executor/platform/default/dso_loader.cc:49] Successfully opened dynamic library libcublas.so.11
2022-04-14 05:02:21.227146: I tensorflow/stream_executor/platform/default/dso_loader.cc:49] Successfully opened dynamic library libcublasLt.so.11
2022-04-14 05:02:21.228406: I tensorflow/stream_executor/platform/default/dso_loader.cc:49] Successfully opened dynamic library libcufft.so.10
2022-04-14 05:02:21.228663: I tensorflow/stream_executor/platform/default/dso_loader.cc:49] Successfully opened dynamic library libcurand.so.10
2022-04-14 05:02:21.230012: I tensorflow/stream_executor/platform/default/dso_loader.cc:49] Successfully opened dynamic library libcusolver.so.10
2022-04-14 05:02:21.230504: I tensorflow/stream_executor/platform/default/dso_loader.cc:49] Successfully opened dynamic library libcusparse.so.11
2022-04-14 05:02:21.230619: I tensorflow/stream_executor/platform/default/dso_loader.cc:49] Successfully opened dynamic library libcudnn.so.8
2022-04-14 05:02:21.235388: I tensorflow/core/common_runtime/gpu/gpu_device.cc:1917] Adding visible gpu devices: 0, 1, 2, 3
2022-04-14 05:02:21.235687: I tensorflow/core/platform/cpu_feature_guard.cc:142] This TensorFlow binary is optimized with oneAPI Deep Neural Network Library (oneDNN) to use the following CPU instructions in performance-critical operations:  AVX2 AVX512F FMA
To enable them in other operations, rebuild TensorFlow with the appropriate compiler flags.
2022-04-14 05:02:21.237347: I tensorflow/core/common_runtime/gpu/gpu_device.cc:1779] Found device 0 with properties: 
pciBusID: 0000:1a:00.0 name: NVIDIA GeForce RTX 2080 Ti computeCapability: 7.5
coreClock: 1.545GHz coreCount: 68 deviceMemorySize: 10.76GiB deviceMemoryBandwidth: 573.69GiB/s
2022-04-14 05:02:21.238633: I tensorflow/core/common_runtime/gpu/gpu_device.cc:1917] Adding visible gpu devices: 1
2022-04-14 05:02:21.238666: I tensorflow/stream_executor/platform/default/dso_loader.cc:49] Successfully opened dynamic library libcudart.so.11.0
2022-04-14 05:02:21.674501: I tensorflow/core/common_runtime/gpu/gpu_device.cc:1304] Device interconnect StreamExecutor with strength 1 edge matrix:
2022-04-14 05:02:21.674550: I tensorflow/core/common_runtime/gpu/gpu_device.cc:1310]      1 
2022-04-14 05:02:21.674558: I tensorflow/core/common_runtime/gpu/gpu_device.cc:1323] 1:   N 
2022-04-14 05:02:21.676595: I tensorflow/core/common_runtime/gpu/gpu_device.cc:1464] Created TensorFlow device (/job:localhost/replica:0/task:0/device:GPU:0 with 9675 MB memory) -> physical GPU (device: 1, name: NVIDIA GeForce RTX 2080 Ti, pci bus id: 0000:1a:00.0, compute capability: 7.5)
4 Physical GPUs, 1 Logical GPU
<--><--><--><--><--><--><--><--><--><--><--><--><--><--><--><--><--><--><--><--><--><--><--><--><--><--><--><--><--><--><--><--><--><--><--><--><--><--><--><--><--><--><--><--><--><--><--><--><--><--><--><--><--><--><--><--><--><--><--><--><--><--><--><--><--><--><--><--><--><--><--><--><--><--><--><--><--><--><--><--> 0.2
model_name_ddhi_episode_False_cross_entropy_weight_10_loss_weight_50_is_triplet_True_ratio_0.2_n_cluster_4_lag_15_obs_30
15 30 4
[0 1]
(16178, 15, 68)
15 68
(None, 1, 1) coeff (None, 10, 30) amplitude
Triplet Triplet
2022-04-14 05:02:25.016339: I tensorflow/compiler/mlir/mlir_graph_optimization_pass.cc:176] None of the MLIR Optimization Passes are enabled (registered 2)
2022-04-14 05:02:25.036799: I tensorflow/core/platform/profile_utils/cpu_utils.cc:114] CPU Frequency: 2899885000 Hz
2022-04-14 05:02:28.319004: I tensorflow/stream_executor/platform/default/dso_loader.cc:49] Successfully opened dynamic library libcublas.so.11
2022-04-14 05:02:28.851203: I tensorflow/stream_executor/platform/default/dso_loader.cc:49] Successfully opened dynamic library libcublasLt.so.11
2022-04-14 05:02:28.851994: I tensorflow/stream_executor/platform/default/dso_loader.cc:49] Successfully opened dynamic library libcudnn.so.8
2022-04-14 05:02:28.974975: I tensorflow/stream_executor/cuda/cuda_dnn.cc:334] Loaded cuDNN version 8302
Validation Result now 0.21923937360178972 AUC 0.5218115406714274 step 0 stagnant 0
Validation Result now 0.23427331887201738 AUC 0.5428088319789871 step 20 stagnant 0
Validation Result now 0.2816901408450704 AUC 0.5804686858737585 step 40 stagnant 0
Validation Result now 0.2608695652173913 AUC 0.5763325945990314 step 60 stagnant 0
Validation Result now 0.26915113871635615 AUC 0.5695616843142083 step 80 stagnant 20
Validation Result now 0.2870159453302962 AUC 0.5654042518263154 step 100 stagnant 40
Validation Result now 0.2398190045248869 AUC 0.5974989739801362 step 120 stagnant 0
Validation Result now 0.26966292134831454 AUC 0.6275744890421079 step 140 stagnant 20
Validation Result now 0.2813299232736573 AUC 0.6060666502503489 step 160 stagnant 40
Validation Result now 0.31052631578947365 AUC 0.5228818845932857 step 180 stagnant 60
Validation Result now 0.31578947368421056 AUC 0.6019978658786834 step 200 stagnant 0
Validation Result now 0.2937853107344633 AUC 0.5750849544447181 step 220 stagnant 0
Validation Result now 0.3140495867768595 AUC 0.5613453172453419 step 240 stagnant 20
Validation Result now 0.31100478468899523 AUC 0.6380316834933923 step 260 stagnant 40
Validation Result now 0.32124352331606215 AUC 0.6052056143806944 step 280 stagnant 60
Validation Result now 0.31958762886597936 AUC 0.5048502010998933 step 300 stagnant 0
Validation Result now 0.3378016085790885 AUC 0.5686341623573833 step 320 stagnant 20
Validation Result now 0.30992736077481836 AUC 0.5133628827054093 step 340 stagnant 0
Validation Result now 0.30155210643015523 AUC 0.5768759747188705 step 360 stagnant 20
Validation Result now 0.3232323232323232 AUC 0.5838693261101535 step 380 stagnant 40
Validation Result now 0.316622691292876 AUC 0.5474021177049988 step 400 stagnant 60
Validation Result now 0.29820051413881754 AUC 0.556400722317984 step 420 stagnant 80
Validation Result now 0.3178484107579462 AUC 0.6365476483624722 step 440 stagnant 100
Validation Result now 0.3258145363408521 AUC 0.5306886645325454 step 460 stagnant 120
Validation Result now 0.3309002433090024 AUC 0.5469293277517853 step 480 stagnant 140
Validation Result now 0.33497536945812806 AUC 0.5502757941393746 step 500 stagnant 160
Validation Result now 0.3209302325581395 AUC 0.5506533694492326 step 520 stagnant 180
Validation Result now 0.33587786259541985 AUC 0.5628777805138307 step 540 stagnant 200
_15_obs_30____320.h5
15 68
(None, 1, 1) coeff (None, 10, 30) amplitude
Triplet Triplet
Validation Result now 0.2478485370051635 AUC 0.5556570631207419 step 0 stagnant 0
Validation Result now 0.27312775330396477 AUC 0.5884888779446771 step 20 stagnant 0
Validation Result now 0.2962962962962963 AUC 0.5956751210703439 step 40 stagnant 0
Validation Result now 0.3280898876404495 AUC 0.616937535910695 step 60 stagnant 0
Validation Result now 0.29464285714285715 AUC 0.5884929820241319 step 80 stagnant 0
Validation Result now 0.2870588235294118 AUC 0.5578379709431173 step 100 stagnant 20
Validation Result now 0.3243243243243243 AUC 0.5713247968480669 step 120 stagnant 40
Validation Result now 0.32863849765258213 AUC 0.590925059509152 step 140 stagnant 60
Validation Result now 0.3348837209302325 AUC 0.5644365098908316 step 160 stagnant 0
Validation Result now 0.357843137254902 AUC 0.59323155216285 step 180 stagnant 0
Validation Result now 0.3532008830022075 AUC 0.5682319625707954 step 200 stagnant 0
Validation Result now 0.3636363636363637 AUC 0.5998727735368956 step 220 stagnant 20
Validation Result now 0.33802816901408456 AUC 0.5962152179266191 step 240 stagnant 0
Validation Result now 0.35922330097087385 AUC 0.5768226216859559 step 260 stagnant 20
Validation Result now 0.35238095238095246 AUC 0.5871566937535911 step 280 stagnant 40
Validation Result now 0.3730569948186529 AUC 0.5937027004842816 step 300 stagnant 60
Validation Result now 0.35051546391752575 AUC 0.5985397685299187 step 320 stagnant 0
Validation Result now 0.3769633507853403 AUC 0.5980300418616105 step 340 stagnant 20
Validation Result now 0.3722084367245657 AUC 0.5879947467782977 step 360 stagnant 0
Validation Result now 0.39999999999999997 AUC 0.6125945990314372 step 380 stagnant 20
Validation Result now 0.38961038961038963 AUC 0.619809570713289 step 400 stagnant 0
Validation Result now 0.3557692307692308 AUC 0.5753993269309694 step 420 stagnant 20
Validation Result now 0.33333333333333337 AUC 0.5942879422145613 step 440 stagnant 40
Validation Result now 0.33933161953727503 AUC 0.6005737503078059 step 460 stagnant 60
Validation Result now 0.33753148614609574 AUC 0.5978773701058852 step 480 stagnant 80
Validation Result now 0.3418367346938775 AUC 0.6011942871213987 step 500 stagnant 100
Validation Result now 0.3408521303258145 AUC 0.611694984814906 step 520 stagnant 120
Validation Result now 0.3227383863080685 AUC 0.604149224328983 step 540 stagnant 140
Validation Result now 0.3259259259259259 AUC 0.5920003283263564 step 560 stagnant 160
Validation Result now 0.3324937027707809 AUC 0.6140540096856275 step 580 stagnant 180
Validation Result now 0.3422982885085575 AUC 0.6075950094393826 step 600 stagnant 200
_15_obs_30____380.h5
15 68
(None, 1, 1) coeff (None, 10, 30) amplitude
Triplet Triplet
Validation Result now 0.25515463917525777 AUC 0.5565509316260363 step 0 stagnant 0
Validation Result now 0.29278350515463913 AUC 0.5775112862185012 step 20 stagnant 0
Validation Result now 0.3700440528634361 AUC 0.6277682015923829 step 40 stagnant 0
Validation Result now 0.32487309644670054 AUC 0.521299351555446 step 60 stagnant 0
Validation Result now 0.3459715639810427 AUC 0.5706484445538866 step 80 stagnant 20
Validation Result now 0.343980343980344 AUC 0.5150357054912583 step 100 stagnant 40
Validation Result now 0.3717277486910995 AUC 0.5777616350652549 step 120 stagnant 60
Validation Result now 0.35491606714628304 AUC 0.5608914060576212 step 140 stagnant 0
Validation Result now 0.34642032332563505 AUC 0.5797882295001231 step 160 stagnant 20
Validation Result now 0.36866359447004604 AUC 0.5901264056472133 step 180 stagnant 40
Validation Result now 0.34375 AUC 0.5829475498645653 step 200 stagnant 60
Validation Result now 0.3970588235294118 AUC 0.603376015759665 step 220 stagnant 80
Validation Result now 0.4031413612565445 AUC 0.6218616104407781 step 240 stagnant 0
Validation Result now 0.3608017817371938 AUC 0.599250595091521 step 260 stagnant 0
Validation Result now 0.4063745019920319 AUC 0.6429508331281294 step 280 stagnant 20
Validation Result now 0.4071246819338423 AUC 0.622636460641878 step 300 stagnant 0
Validation Result now 0.401015228426396 AUC 0.6228129360584421 step 320 stagnant 0
Validation Result now 0.39062499999999994 AUC 0.5775162111138472 step 340 stagnant 20
Validation Result now 0.4010025062656641 AUC 0.5856439300664862 step 360 stagnant 40
Validation Result now 0.4031007751937984 AUC 0.6241951900188788 step 380 stagnant 60
Validation Result now 0.39529411764705885 AUC 0.6272781745054583 step 400 stagnant 80
Validation Result now 0.40203562340966925 AUC 0.6283468767955347 step 420 stagnant 100
Validation Result now 0.39493670886075943 AUC 0.6172305671837807 step 440 stagnant 120
Validation Result now 0.4028776978417266 AUC 0.6405277846179103 step 460 stagnant 140
Validation Result now 0.40097799511002447 AUC 0.6083296396618239 step 480 stagnant 160
Validation Result now 0.3990147783251232 AUC 0.6452433719116801 step 500 stagnant 180
Validation Result now 0.3835616438356165 AUC 0.6019601083476975 step 520 stagnant 200
_15_obs_30____300.h5
15 68
(None, 1, 1) coeff (None, 10, 30) amplitude
Triplet Triplet
Validation Result now 0.21613155833985903 AUC 0.5324181236148732 step 0 stagnant 0
Validation Result now 0.22744128553770085 AUC 0.5209143889025691 step 20 stagnant 0
Validation Result now 0.24548736462093862 AUC 0.5912131658868915 step 40 stagnant 0
Validation Result now 0.2326530612244898 AUC 0.5725182631535747 step 60 stagnant 0
Validation Result now 0.26160337552742613 AUC 0.5892973815973077 step 80 stagnant 20
Validation Result now 0.27341772151898736 AUC 0.5844594927357794 step 100 stagnant 0
Validation Result now 0.2942643391521197 AUC 0.5922030698514323 step 120 stagnant 0
Validation Result now 0.28767123287671237 AUC 0.616019863744562 step 140 stagnant 0
Validation Result now 0.2945368171021378 AUC 0.6326742181728638 step 160 stagnant 20
Validation Result now 0.30275229357798167 AUC 0.6296224246901418 step 180 stagnant 0
Validation Result now 0.3213429256594724 AUC 0.6444644176311254 step 200 stagnant 0
Validation Result now 0.29338842975206614 AUC 0.6388065336944924 step 220 stagnant 0
Validation Result now 0.3231441048034935 AUC 0.6464942953295576 step 240 stagnant 20
Validation Result now 0.3117505995203837 AUC 0.6297775588935401 step 260 stagnant 0
Validation Result now 0.3113207547169811 AUC 0.6341180333251251 step 280 stagnant 20
Validation Result now 0.30730478589420657 AUC 0.6080300418616105 step 300 stagnant 40
Validation Result now 0.31077694235588976 AUC 0.6030608224575227 step 320 stagnant 60
Validation Result now 0.3192019950124689 AUC 0.5866814413527046 step 340 stagnant 80
Validation Result now 0.31840796019900497 AUC 0.6112968891077731 step 360 stagnant 100
Validation Result now 0.32499999999999996 AUC 0.6267446441763114 step 380 stagnant 120
Validation Result now 0.3253588516746411 AUC 0.621853402281868 step 400 stagnant 0
Validation Result now 0.3243243243243243 AUC 0.6204571944512847 step 420 stagnant 0
Validation Result now 0.3294117647058823 AUC 0.603781498809817 step 440 stagnant 20
Validation Result now 0.3114355231143552 AUC 0.6144356890749405 step 460 stagnant 0
Validation Result now 0.2974828375286041 AUC 0.6101034228022655 step 480 stagnant 20
Validation Result now 0.29836829836829837 AUC 0.6159492735779365 step 500 stagnant 40
Validation Result now 0.2553802008608322 AUC 0.6057990642698843 step 520 stagnant 60
Validation Result now 0.25063938618925835 AUC 0.5936682262168596 step 540 stagnant 80
Validation Result now 0.27477477477477474 AUC 0.6116473774932283 step 560 stagnant 100
Validation Result now 0.3090507726269316 AUC 0.6334383977673808 step 580 stagnant 120
Validation Result now 0.3142250530785563 AUC 0.6243158499548551 step 600 stagnant 140
Validation Result now 0.3211009174311927 AUC 0.6299335139128294 step 620 stagnant 160
Validation Result now 0.32527472527472534 AUC 0.6362940162521546 step 640 stagnant 180
Validation Result now 0.31555555555555553 AUC 0.6122876138882049 step 660 stagnant 200
_15_obs_30____440.h5
15 68
(None, 1, 1) coeff (None, 10, 30) amplitude
Triplet Triplet
Validation Result now 0.23756345177664978 AUC 0.6035057046704424 step 0 stagnant 0
Validation Result now 0.266897746967071 AUC 0.5329500123122384 step 20 stagnant 0
Validation Result now 0.26552462526766596 AUC 0.5064187802675859 step 40 stagnant 0
Validation Result now 0.26229508196721313 AUC 0.524899450053353 step 60 stagnant 20
Validation Result now 0.2530413625304136 AUC 0.5276417959451696 step 80 stagnant 40
Validation Result now 0.27356746765249546 AUC 0.5247065583189691 step 100 stagnant 60
Validation Result now 0.26717557251908397 AUC 0.5127251087581055 step 120 stagnant 0
Validation Result now 0.28063241106719367 AUC 0.5399499302306494 step 140 stagnant 20
Validation Result now 0.2723735408560311 AUC 0.5228539768529918 step 160 stagnant 0
Validation Result now 0.27777777777777773 AUC 0.5677279816137241 step 180 stagnant 20
Validation Result now 0.2807017543859649 AUC 0.5550020520397276 step 200 stagnant 40
Validation Result now 0.2929061784897025 AUC 0.5832217023721579 step 220 stagnant 0
Validation Result now 0.27800829875518673 AUC 0.5666018222112781 step 240 stagnant 0
Validation Result now 0.2757281553398058 AUC 0.5980284002298285 step 260 stagnant 20
Validation Result now 0.27572016460905346 AUC 0.5929204629401625 step 280 stagnant 40
Validation Result now 0.2995391705069124 AUC 0.5163760978412542 step 300 stagnant 60
Validation Result now 0.3271889400921659 AUC 0.5424878929656078 step 320 stagnant 0
Validation Result now 0.31827956989247314 AUC 0.5322876138882049 step 340 stagnant 0
Validation Result now 0.3288888888888889 AUC 0.5406788147418534 step 360 stagnant 20
Validation Result now 0.3275862068965517 AUC 0.5410777312648773 step 380 stagnant 0
Validation Result now 0.3194748358862145 AUC 0.5354510383321022 step 400 stagnant 20
Validation Result now 0.3310657596371882 AUC 0.5464516129032257 step 420 stagnant 40
Validation Result now 0.3295711060948081 AUC 0.5156307970122301 step 440 stagnant 0
Validation Result now 0.323943661971831 AUC 0.5330862677501436 step 460 stagnant 20
Validation Result now 0.29698375870069604 AUC 0.5592949191496348 step 480 stagnant 40
Validation Result now 0.28125000000000006 AUC 0.6122613477796931 step 500 stagnant 60
Validation Result now 0.2876404494382022 AUC 0.6221956825084134 step 520 stagnant 80
Validation Result now 0.27165354330708663 AUC 0.5656529590412871 step 540 stagnant 100
Validation Result now 0.2904564315352697 AUC 0.5838217187884758 step 560 stagnant 120
Validation Result now 0.2907662082514735 AUC 0.5440055815480588 step 580 stagnant 140
Validation Result now 0.26044226044226043 AUC 0.5402380366083888 step 600 stagnant 160
Validation Result now 0.2704918032786885 AUC 0.5581991299351555 step 620 stagnant 180
Validation Result now 0.2804878048780488 AUC 0.5617762455881146 step 640 stagnant 200
_15_obs_30____420.h5
15 68
(None, 1, 1) coeff (None, 10, 30) amplitude
Triplet Triplet
Validation Result now 0.24032042723631508 AUC 0.5948781088401871 step 0 stagnant 0
Validation Result now 0.29171817058096416 AUC 0.598116227530165 step 20 stagnant 0
Validation Result now 0.23396226415094343 AUC 0.5722235902487073 step 40 stagnant 0
Validation Result now 0.26712328767123283 AUC 0.5547861774603957 step 60 stagnant 20
Validation Result now 0.24695652173913044 AUC 0.5945218747434949 step 80 stagnant 40
